[2021-01-23 23:38:07,375] [INFO ] [main] c.s.m.ServicesManagerApplicationTests - Starting ServicesManagerApplicationTests using Java 14 on DESKTOP-S47TOJT with PID 4116 (started by Muhammad Nauman in C:\Users\Muhammad Nauman\Desktop\ServicesRepository\ServicesRepository\APIs\services-manager)
[2021-01-23 23:38:07,376] [DEBUG] [main] c.s.m.ServicesManagerApplicationTests - Running with Spring Boot v2.4.0-SNAPSHOT, Spring v5.3.1
[2021-01-23 23:38:07,380] [INFO ] [main] c.s.m.ServicesManagerApplicationTests - No active profile set, falling back to default profiles: default
[2021-01-23 23:38:10,668] [INFO ] [main] c.s.m.o.j.security.JwtUserDetailsService - Going to set configurations for incomings ...
[2021-01-23 23:38:13,065] [INFO ] [main] c.s.m.ServicesManagerApplicationTests - Started ServicesManagerApplicationTests in 6.365 seconds (JVM running for 9.078)
[2021-01-23 23:39:10,483] [INFO ] [main] c.s.m.ServicesManagerApplicationTests - Starting ServicesManagerApplicationTests using Java 14 on DESKTOP-S47TOJT with PID 6672 (started by Muhammad Nauman in C:\Users\Muhammad Nauman\Desktop\ServicesRepository\ServicesRepository\APIs\services-manager)
[2021-01-23 23:39:10,484] [DEBUG] [main] c.s.m.ServicesManagerApplicationTests - Running with Spring Boot v2.4.0-SNAPSHOT, Spring v5.3.1
[2021-01-23 23:39:10,497] [INFO ] [main] c.s.m.ServicesManagerApplicationTests - No active profile set, falling back to default profiles: default
[2021-01-23 23:39:13,744] [INFO ] [main] c.s.m.o.j.security.JwtUserDetailsService - Going to set configurations for incomings ...
[2021-01-23 23:39:15,888] [INFO ] [main] c.s.m.ServicesManagerApplicationTests - Started ServicesManagerApplicationTests in 6.108 seconds (JVM running for 8.521)
[2021-01-24 18:45:18,777] [INFO ] [restartedMain] c.s.manager.ServicesManagerApplication - Starting ServicesManagerApplication using Java 14 on DESKTOP-S47TOJT with PID 3564 (C:\Users\Muhammad Nauman\Desktop\ServicesRepository\ServicesRepository\APIs\services-manager\target\classes started by Muhammad Nauman in C:\Users\Muhammad Nauman\Desktop\ServicesRepository\ServicesRepository\APIs\services-manager)
[2021-01-24 18:45:18,783] [DEBUG] [restartedMain] c.s.manager.ServicesManagerApplication - Running with Spring Boot v2.4.0-SNAPSHOT, Spring v5.3.1
[2021-01-24 18:45:18,784] [INFO ] [restartedMain] c.s.manager.ServicesManagerApplication - No active profile set, falling back to default profiles: default
[2021-01-24 18:45:22,623] [DEBUG] [restartedMain] c.s.m.o.jwt.security.JwtRequestFilter - Filter 'jwtRequestFilter' configured for use
[2021-01-24 18:45:22,786] [INFO ] [restartedMain] c.s.m.o.j.security.JwtUserDetailsService - Going to set configurations for incomings ...
[2021-01-24 18:45:23,823] [INFO ] [restartedMain] c.s.manager.ServicesManagerApplication - Started ServicesManagerApplication in 5.882 seconds (JVM running for 7.9)
[2021-01-24 18:45:28,795] [INFO ] [http-nio-8080-exec-2] c.s.m.o.jwt.security.JwtRequestFilter - Going to verify if sent header starts with 'Bearer' keyword ...
[2021-01-24 18:45:28,796] [WARN ] [http-nio-8080-exec-2] c.s.m.o.jwt.security.JwtRequestFilter - JWT Token does not begin with Bearer String
[2021-01-24 18:45:45,976] [INFO ] [restartedMain] c.s.manager.ServicesManagerApplication - Starting ServicesManagerApplication using Java 14 on DESKTOP-S47TOJT with PID 3088 (C:\Users\Muhammad Nauman\Desktop\ServicesRepository\ServicesRepository\APIs\services-manager\target\classes started by Muhammad Nauman in C:\Users\Muhammad Nauman\Desktop\ServicesRepository\ServicesRepository\APIs\services-manager)
[2021-01-24 18:45:45,983] [DEBUG] [restartedMain] c.s.manager.ServicesManagerApplication - Running with Spring Boot v2.4.0-SNAPSHOT, Spring v5.3.1
[2021-01-24 18:45:45,984] [INFO ] [restartedMain] c.s.manager.ServicesManagerApplication - No active profile set, falling back to default profiles: default
[2021-01-24 18:45:48,982] [DEBUG] [restartedMain] c.s.m.o.jwt.security.JwtRequestFilter - Filter 'jwtRequestFilter' configured for use
[2021-01-24 18:45:49,146] [INFO ] [restartedMain] c.s.m.o.j.security.JwtUserDetailsService - Going to set configurations for incomings ...
[2021-01-24 18:45:49,949] [INFO ] [restartedMain] c.s.manager.ServicesManagerApplication - Started ServicesManagerApplication in 4.574 seconds (JVM running for 6.128)
[2021-01-24 18:45:52,660] [INFO ] [http-nio-8080-exec-1] c.s.m.o.jwt.security.JwtRequestFilter - Going to verify if sent header starts with 'Bearer' keyword ...
[2021-01-24 18:45:52,660] [WARN ] [http-nio-8080-exec-1] c.s.m.o.jwt.security.JwtRequestFilter - JWT Token does not begin with Bearer String
[2021-01-24 18:46:00,293] [INFO ] [restartedMain] c.s.manager.ServicesManagerApplication - Starting ServicesManagerApplication using Java 14 on DESKTOP-S47TOJT with PID 3088 (C:\Users\Muhammad Nauman\Desktop\ServicesRepository\ServicesRepository\APIs\services-manager\target\classes started by Muhammad Nauman in C:\Users\Muhammad Nauman\Desktop\ServicesRepository\ServicesRepository\APIs\services-manager)
[2021-01-24 18:46:00,293] [DEBUG] [restartedMain] c.s.manager.ServicesManagerApplication - Running with Spring Boot v2.4.0-SNAPSHOT, Spring v5.3.1
[2021-01-24 18:46:00,294] [INFO ] [restartedMain] c.s.manager.ServicesManagerApplication - No active profile set, falling back to default profiles: default
[2021-01-24 18:46:01,307] [DEBUG] [restartedMain] c.s.m.o.jwt.security.JwtRequestFilter - Filter 'jwtRequestFilter' configured for use
[2021-01-24 18:46:01,340] [INFO ] [restartedMain] c.s.m.o.j.security.JwtUserDetailsService - Going to set configurations for incomings ...
[2021-01-24 18:46:01,681] [INFO ] [restartedMain] c.s.manager.ServicesManagerApplication - Started ServicesManagerApplication in 1.502 seconds (JVM running for 17.86)
[2021-01-24 18:52:40,015] [INFO ] [restartedMain] c.s.manager.ServicesManagerApplication - Starting ServicesManagerApplication using Java 14 on DESKTOP-S47TOJT with PID 3088 (C:\Users\Muhammad Nauman\Desktop\ServicesRepository\ServicesRepository\APIs\services-manager\target\classes started by Muhammad Nauman in C:\Users\Muhammad Nauman\Desktop\ServicesRepository\ServicesRepository\APIs\services-manager)
[2021-01-24 18:52:40,015] [DEBUG] [restartedMain] c.s.manager.ServicesManagerApplication - Running with Spring Boot v2.4.0-SNAPSHOT, Spring v5.3.1
[2021-01-24 18:52:40,015] [INFO ] [restartedMain] c.s.manager.ServicesManagerApplication - No active profile set, falling back to default profiles: default
[2021-01-24 19:05:11,339] [INFO ] [restartedMain] c.s.manager.ServicesManagerApplication - Starting ServicesManagerApplication using Java 14 on DESKTOP-S47TOJT with PID 13344 (C:\Users\Muhammad Nauman\Desktop\ServicesRepository\ServicesRepository\APIs\services-manager\target\classes started by Muhammad Nauman in C:\Users\Muhammad Nauman\Desktop\ServicesRepository\ServicesRepository\APIs\services-manager)
[2021-01-24 19:05:11,346] [DEBUG] [restartedMain] c.s.manager.ServicesManagerApplication - Running with Spring Boot v2.4.0-SNAPSHOT, Spring v5.3.1
[2021-01-24 19:05:11,347] [INFO ] [restartedMain] c.s.manager.ServicesManagerApplication - No active profile set, falling back to default profiles: default
[2021-01-24 19:05:14,106] [DEBUG] [restartedMain] c.s.m.o.jwt.security.JwtRequestFilter - Filter 'jwtRequestFilter' configured for use
[2021-01-24 19:05:14,262] [INFO ] [restartedMain] c.s.m.o.j.security.JwtUserDetailsService - Going to set configurations for incomings ...
[2021-01-24 19:05:15,041] [INFO ] [restartedMain] c.s.manager.ServicesManagerApplication - Started ServicesManagerApplication in 4.378 seconds (JVM running for 5.999)
[2021-01-24 19:08:47,965] [INFO ] [http-nio-8080-exec-1] c.s.m.o.jwt.security.JwtRequestFilter - Going to verify if sent header starts with 'Bearer' keyword ...
[2021-01-24 19:08:47,965] [WARN ] [http-nio-8080-exec-1] c.s.m.o.jwt.security.JwtRequestFilter - JWT Token does not begin with Bearer String
[2021-01-24 19:08:56,393] [INFO ] [http-nio-8080-exec-3] c.s.m.o.jwt.security.JwtRequestFilter - Going to verify if sent header starts with 'Bearer' keyword ...
[2021-01-24 19:08:56,393] [WARN ] [http-nio-8080-exec-3] c.s.m.o.jwt.security.JwtRequestFilter - JWT Token does not begin with Bearer String
[2021-01-24 19:08:56,426] [WARN ] [http-nio-8080-exec-3] c.s.m.o.j.s.JwtAuthenticationEntryPoint - Decline due to Unauthorized User ...
[2021-01-24 19:09:13,416] [INFO ] [http-nio-8080-exec-2] c.s.m.o.jwt.security.JwtRequestFilter - Going to verify if sent header starts with 'Bearer' keyword ...
[2021-01-24 19:09:13,417] [WARN ] [http-nio-8080-exec-2] c.s.m.o.jwt.security.JwtRequestFilter - JWT Token does not begin with Bearer String
[2021-01-24 19:09:13,418] [WARN ] [http-nio-8080-exec-2] c.s.m.o.j.s.JwtAuthenticationEntryPoint - Decline due to Unauthorized User ...
[2021-01-24 19:10:06,632] [INFO ] [restartedMain] c.s.manager.ServicesManagerApplication - Starting ServicesManagerApplication using Java 14 on DESKTOP-S47TOJT with PID 13344 (C:\Users\Muhammad Nauman\Desktop\ServicesRepository\ServicesRepository\APIs\services-manager\target\classes started by Muhammad Nauman in C:\Users\Muhammad Nauman\Desktop\ServicesRepository\ServicesRepository\APIs\services-manager)
[2021-01-24 19:10:06,633] [DEBUG] [restartedMain] c.s.manager.ServicesManagerApplication - Running with Spring Boot v2.4.0-SNAPSHOT, Spring v5.3.1
[2021-01-24 19:10:06,633] [INFO ] [restartedMain] c.s.manager.ServicesManagerApplication - No active profile set, falling back to default profiles: default
[2021-01-24 19:10:15,609] [INFO ] [restartedMain] c.s.manager.ServicesManagerApplication - Starting ServicesManagerApplication using Java 14 on DESKTOP-S47TOJT with PID 8568 (C:\Users\Muhammad Nauman\Desktop\ServicesRepository\ServicesRepository\APIs\services-manager\target\classes started by Muhammad Nauman in C:\Users\Muhammad Nauman\Desktop\ServicesRepository\ServicesRepository\APIs\services-manager)
[2021-01-24 19:10:15,617] [DEBUG] [restartedMain] c.s.manager.ServicesManagerApplication - Running with Spring Boot v2.4.0-SNAPSHOT, Spring v5.3.1
[2021-01-24 19:10:15,617] [INFO ] [restartedMain] c.s.manager.ServicesManagerApplication - No active profile set, falling back to default profiles: default
[2021-01-24 19:10:18,381] [DEBUG] [restartedMain] c.s.m.o.jwt.security.JwtRequestFilter - Filter 'jwtRequestFilter' configured for use
[2021-01-24 19:10:18,541] [INFO ] [restartedMain] c.s.m.o.j.security.JwtUserDetailsService - Going to set configurations for incomings ...
[2021-01-24 19:10:19,350] [INFO ] [restartedMain] c.s.manager.ServicesManagerApplication - Started ServicesManagerApplication in 4.354 seconds (JVM running for 5.93)
[2021-01-24 19:10:27,140] [INFO ] [http-nio-8080-exec-1] c.s.m.o.jwt.security.JwtRequestFilter - Going to verify if sent header starts with 'Bearer' keyword ...
[2021-01-24 19:10:27,140] [WARN ] [http-nio-8080-exec-1] c.s.m.o.jwt.security.JwtRequestFilter - JWT Token does not begin with Bearer String
[2021-01-24 19:10:27,301] [INFO ] [http-nio-8080-exec-1] c.s.m.o.j.s.JwtAuthenticationController - Going to authenticate for requested User: [mnoman]
[2021-01-24 19:10:44,087] [INFO ] [http-nio-8080-exec-1] c.s.m.o.j.security.JwtUserDetailsService - Going to load user from user service for username:[mnoman]
[2021-01-24 19:10:52,880] [INFO ] [http-nio-8080-exec-1] c.s.m.o.j.s.JwtAuthenticationController - Going to load user with requested username: [mnoman]
[2021-01-24 19:10:52,881] [INFO ] [http-nio-8080-exec-1] c.s.m.o.j.security.JwtUserDetailsService - Going to load user from user service for username:[mnoman]
[2021-01-24 19:10:56,518] [INFO ] [http-nio-8080-exec-1] c.s.m.o.j.s.JwtAuthenticationController - User found successfully against username: [mnoman]
[2021-01-24 19:10:56,523] [INFO ] [http-nio-8080-exec-1] c.s.m.oauth2.jwt.security.JwtTokenUtils - Going to generate token ...
[2021-01-24 19:10:59,410] [INFO ] [http-nio-8080-exec-2] c.s.m.o.jwt.security.JwtRequestFilter - Going to verify if sent header starts with 'Bearer' keyword ...
[2021-01-24 19:10:59,410] [WARN ] [http-nio-8080-exec-2] c.s.m.o.jwt.security.JwtRequestFilter - JWT Token does not begin with Bearer String
[2021-01-24 19:10:59,415] [INFO ] [http-nio-8080-exec-2] c.s.m.o.j.s.JwtAuthenticationController - Going to authenticate for requested User: [mnoman]
[2021-01-24 19:10:59,415] [INFO ] [http-nio-8080-exec-2] c.s.m.o.j.security.JwtUserDetailsService - Going to load user from user service for username:[mnoman]
[2021-01-24 19:10:59,767] [INFO ] [http-nio-8080-exec-2] c.s.m.o.j.s.JwtAuthenticationController - Going to load user with requested username: [mnoman]
[2021-01-24 19:10:59,768] [INFO ] [http-nio-8080-exec-2] c.s.m.o.j.security.JwtUserDetailsService - Going to load user from user service for username:[mnoman]
[2021-01-24 19:10:59,933] [INFO ] [http-nio-8080-exec-2] c.s.m.o.j.s.JwtAuthenticationController - User found successfully against username: [mnoman]
[2021-01-24 19:10:59,933] [INFO ] [http-nio-8080-exec-2] c.s.m.oauth2.jwt.security.JwtTokenUtils - Going to generate token ...
[2021-01-24 19:12:49,128] [INFO ] [restartedMain] c.s.manager.ServicesManagerApplication - Starting ServicesManagerApplication using Java 14 on DESKTOP-S47TOJT with PID 8568 (C:\Users\Muhammad Nauman\Desktop\ServicesRepository\ServicesRepository\APIs\services-manager\target\classes started by Muhammad Nauman in C:\Users\Muhammad Nauman\Desktop\ServicesRepository\ServicesRepository\APIs\services-manager)
[2021-01-24 19:12:49,128] [DEBUG] [restartedMain] c.s.manager.ServicesManagerApplication - Running with Spring Boot v2.4.0-SNAPSHOT, Spring v5.3.1
[2021-01-24 19:12:49,129] [INFO ] [restartedMain] c.s.manager.ServicesManagerApplication - No active profile set, falling back to default profiles: default
[2021-01-24 19:12:50,312] [DEBUG] [restartedMain] c.s.m.o.jwt.security.JwtRequestFilter - Filter 'jwtRequestFilter' configured for use
[2021-01-24 19:12:50,343] [INFO ] [restartedMain] c.s.m.o.j.security.JwtUserDetailsService - Going to set configurations for incomings ...
[2021-01-24 19:12:50,756] [INFO ] [restartedMain] c.s.manager.ServicesManagerApplication - Started ServicesManagerApplication in 1.799 seconds (JVM running for 157.336)
[2021-01-24 19:13:38,933] [INFO ] [restartedMain] c.s.manager.ServicesManagerApplication - Starting ServicesManagerApplication using Java 14 on DESKTOP-S47TOJT with PID 8568 (C:\Users\Muhammad Nauman\Desktop\ServicesRepository\ServicesRepository\APIs\services-manager\target\classes started by Muhammad Nauman in C:\Users\Muhammad Nauman\Desktop\ServicesRepository\ServicesRepository\APIs\services-manager)
[2021-01-24 19:13:38,933] [DEBUG] [restartedMain] c.s.manager.ServicesManagerApplication - Running with Spring Boot v2.4.0-SNAPSHOT, Spring v5.3.1
[2021-01-24 19:13:38,933] [INFO ] [restartedMain] c.s.manager.ServicesManagerApplication - No active profile set, falling back to default profiles: default
[2021-01-24 19:13:39,891] [DEBUG] [restartedMain] c.s.m.o.jwt.security.JwtRequestFilter - Filter 'jwtRequestFilter' configured for use
[2021-01-24 19:13:39,922] [INFO ] [restartedMain] c.s.m.o.j.security.JwtUserDetailsService - Going to set configurations for incomings ...
[2021-01-24 19:13:40,251] [INFO ] [restartedMain] c.s.manager.ServicesManagerApplication - Started ServicesManagerApplication in 1.431 seconds (JVM running for 206.831)
[2021-01-24 19:20:57,574] [INFO ] [restartedMain] c.s.manager.ServicesManagerApplication - Starting ServicesManagerApplication using Java 14 on DESKTOP-S47TOJT with PID 15124 (C:\Users\Muhammad Nauman\Desktop\ServicesRepository\ServicesRepository\APIs\services-manager\target\classes started by Muhammad Nauman in C:\Users\Muhammad Nauman\Desktop\ServicesRepository\ServicesRepository\APIs\services-manager)
[2021-01-24 19:20:57,581] [DEBUG] [restartedMain] c.s.manager.ServicesManagerApplication - Running with Spring Boot v2.4.0-SNAPSHOT, Spring v5.3.1
[2021-01-24 19:20:57,581] [INFO ] [restartedMain] c.s.manager.ServicesManagerApplication - No active profile set, falling back to default profiles: default
[2021-01-24 19:21:00,448] [DEBUG] [restartedMain] c.s.m.o.jwt.security.JwtRequestFilter - Filter 'jwtRequestFilter' configured for use
[2021-01-24 19:21:00,602] [INFO ] [restartedMain] c.s.m.o.j.security.JwtUserDetailsService - Going to set configurations for incomings ...
[2021-01-24 19:21:01,387] [INFO ] [restartedMain] c.s.manager.ServicesManagerApplication - Started ServicesManagerApplication in 4.538 seconds (JVM running for 6.112)
[2021-01-24 19:21:17,410] [INFO ] [http-nio-8080-exec-1] c.s.m.o.jwt.security.JwtRequestFilter - Going to verify if sent header starts with 'Bearer' keyword ...
[2021-01-24 19:21:17,411] [WARN ] [http-nio-8080-exec-1] c.s.m.o.jwt.security.JwtRequestFilter - JWT Token does not begin with Bearer String
[2021-01-24 19:21:17,433] [WARN ] [http-nio-8080-exec-1] c.s.m.o.j.s.JwtAuthenticationEntryPoint - Decline due to Unauthorized User ...
[2021-01-24 19:21:21,925] [INFO ] [http-nio-8080-exec-2] c.s.m.o.jwt.security.JwtRequestFilter - Going to verify if sent header starts with 'Bearer' keyword ...
[2021-01-24 19:21:21,925] [INFO ] [http-nio-8080-exec-2] c.s.m.o.jwt.security.JwtRequestFilter - Going to get username from token ...
[2021-01-24 19:21:21,925] [INFO ] [http-nio-8080-exec-2] c.s.m.oauth2.jwt.security.JwtTokenUtils - Getting username from token ...
[2021-01-24 19:21:21,927] [INFO ] [http-nio-8080-exec-2] c.s.m.oauth2.jwt.security.JwtTokenUtils - Getting claim from token ...
[2021-01-24 19:21:21,928] [INFO ] [http-nio-8080-exec-2] c.s.m.oauth2.jwt.security.JwtTokenUtils - Getting all claim from token ...
[2021-01-24 19:21:22,042] [WARN ] [http-nio-8080-exec-2] c.s.m.o.j.s.JwtAuthenticationEntryPoint - Decline due to Unauthorized User ...
[2021-01-24 19:21:42,542] [INFO ] [http-nio-8080-exec-3] c.s.m.o.jwt.security.JwtRequestFilter - Going to verify if sent header starts with 'Bearer' keyword ...
[2021-01-24 19:21:42,543] [INFO ] [http-nio-8080-exec-3] c.s.m.o.jwt.security.JwtRequestFilter - Going to get username from token ...
[2021-01-24 19:21:42,543] [INFO ] [http-nio-8080-exec-3] c.s.m.oauth2.jwt.security.JwtTokenUtils - Getting username from token ...
[2021-01-24 19:21:42,543] [INFO ] [http-nio-8080-exec-3] c.s.m.oauth2.jwt.security.JwtTokenUtils - Getting claim from token ...
[2021-01-24 19:21:42,543] [INFO ] [http-nio-8080-exec-3] c.s.m.oauth2.jwt.security.JwtTokenUtils - Getting all claim from token ...
[2021-01-24 19:21:42,547] [WARN ] [http-nio-8080-exec-3] c.s.m.o.j.s.JwtAuthenticationEntryPoint - Decline due to Unauthorized User ...
[2021-01-24 19:22:28,325] [INFO ] [http-nio-8080-exec-4] c.s.m.o.jwt.security.JwtRequestFilter - Going to verify if sent header starts with 'Bearer' keyword ...
[2021-01-24 19:22:28,326] [WARN ] [http-nio-8080-exec-4] c.s.m.o.jwt.security.JwtRequestFilter - JWT Token does not begin with Bearer String
[2021-01-24 19:22:43,323] [INFO ] [http-nio-8080-exec-5] c.s.m.o.jwt.security.JwtRequestFilter - Going to verify if sent header starts with 'Bearer' keyword ...
[2021-01-24 19:22:43,323] [WARN ] [http-nio-8080-exec-5] c.s.m.o.jwt.security.JwtRequestFilter - JWT Token does not begin with Bearer String
[2021-01-24 19:22:43,323] [WARN ] [http-nio-8080-exec-5] c.s.m.o.j.s.JwtAuthenticationEntryPoint - Decline due to Unauthorized User ...
[2021-01-24 19:22:49,076] [INFO ] [http-nio-8080-exec-7] c.s.m.o.jwt.security.JwtRequestFilter - Going to verify if sent header starts with 'Bearer' keyword ...
[2021-01-24 19:22:49,077] [WARN ] [http-nio-8080-exec-7] c.s.m.o.jwt.security.JwtRequestFilter - JWT Token does not begin with Bearer String
[2021-01-24 19:22:49,167] [INFO ] [http-nio-8080-exec-7] c.s.m.o.j.s.JwtAuthenticationController - Going to authenticate for requested User: [mnoman]
[2021-01-24 19:22:49,364] [INFO ] [http-nio-8080-exec-7] c.s.m.o.j.security.JwtUserDetailsService - Going to load user from user service for username:[mnoman]
[2021-01-24 19:22:49,712] [INFO ] [http-nio-8080-exec-7] c.s.m.o.j.s.JwtAuthenticationController - Going to load user with requested username: [mnoman]
[2021-01-24 19:22:49,712] [INFO ] [http-nio-8080-exec-7] c.s.m.o.j.security.JwtUserDetailsService - Going to load user from user service for username:[mnoman]
[2021-01-24 19:22:49,877] [INFO ] [http-nio-8080-exec-7] c.s.m.o.j.s.JwtAuthenticationController - User found successfully against username: [mnoman]
[2021-01-24 19:22:49,878] [INFO ] [http-nio-8080-exec-7] c.s.m.oauth2.jwt.security.JwtTokenUtils - Going to generate token ...
[2021-01-24 19:23:05,309] [INFO ] [http-nio-8080-exec-6] c.s.m.o.jwt.security.JwtRequestFilter - Going to verify if sent header starts with 'Bearer' keyword ...
[2021-01-24 19:23:05,309] [INFO ] [http-nio-8080-exec-6] c.s.m.o.jwt.security.JwtRequestFilter - Going to get username from token ...
[2021-01-24 19:23:05,309] [INFO ] [http-nio-8080-exec-6] c.s.m.oauth2.jwt.security.JwtTokenUtils - Getting username from token ...
[2021-01-24 19:23:05,309] [INFO ] [http-nio-8080-exec-6] c.s.m.oauth2.jwt.security.JwtTokenUtils - Getting claim from token ...
[2021-01-24 19:23:05,309] [INFO ] [http-nio-8080-exec-6] c.s.m.oauth2.jwt.security.JwtTokenUtils - Getting all claim from token ...
[2021-01-24 19:23:05,315] [INFO ] [http-nio-8080-exec-6] c.s.m.o.j.security.JwtUserDetailsService - Going to load user from user service for username:[mnoman]
[2021-01-24 19:23:05,501] [INFO ] [http-nio-8080-exec-6] c.s.m.o.jwt.security.JwtRequestFilter - Going to validate token ...
[2021-01-24 19:23:05,501] [INFO ] [http-nio-8080-exec-6] c.s.m.oauth2.jwt.security.JwtTokenUtils - Going to validate token for user details ...
[2021-01-24 19:23:05,501] [INFO ] [http-nio-8080-exec-6] c.s.m.oauth2.jwt.security.JwtTokenUtils - Getting username from token ...
[2021-01-24 19:23:05,501] [INFO ] [http-nio-8080-exec-6] c.s.m.oauth2.jwt.security.JwtTokenUtils - Getting claim from token ...
[2021-01-24 19:23:05,501] [INFO ] [http-nio-8080-exec-6] c.s.m.oauth2.jwt.security.JwtTokenUtils - Getting all claim from token ...
[2021-01-24 19:23:05,503] [INFO ] [http-nio-8080-exec-6] c.s.m.oauth2.jwt.security.JwtTokenUtils - Going to validate if token is expired ...
[2021-01-24 19:23:05,504] [INFO ] [http-nio-8080-exec-6] c.s.m.oauth2.jwt.security.JwtTokenUtils - Getting expiration date from token ...
[2021-01-24 19:23:05,505] [INFO ] [http-nio-8080-exec-6] c.s.m.oauth2.jwt.security.JwtTokenUtils - Getting claim from token ...
[2021-01-24 19:23:05,505] [INFO ] [http-nio-8080-exec-6] c.s.m.oauth2.jwt.security.JwtTokenUtils - Getting all claim from token ...
[2021-01-24 19:23:05,507] [INFO ] [http-nio-8080-exec-6] c.s.m.o.jwt.security.JwtRequestFilter - Token validated Successfully!!!
[2021-01-24 19:23:05,554] [INFO ] [http-nio-8080-exec-6] c.s.m.c.ServicesControllerManager - Going to call getQueries Service with Client[UFN]
[2021-01-24 19:24:33,772] [INFO ] [http-nio-8080-exec-10] c.s.m.o.jwt.security.JwtRequestFilter - Going to verify if sent header starts with 'Bearer' keyword ...
[2021-01-24 19:24:33,773] [INFO ] [http-nio-8080-exec-10] c.s.m.o.jwt.security.JwtRequestFilter - Going to get username from token ...
[2021-01-24 19:24:33,773] [INFO ] [http-nio-8080-exec-10] c.s.m.oauth2.jwt.security.JwtTokenUtils - Getting username from token ...
[2021-01-24 19:24:33,773] [INFO ] [http-nio-8080-exec-10] c.s.m.oauth2.jwt.security.JwtTokenUtils - Getting claim from token ...
[2021-01-24 19:24:33,774] [INFO ] [http-nio-8080-exec-10] c.s.m.oauth2.jwt.security.JwtTokenUtils - Getting all claim from token ...
[2021-01-24 19:24:33,775] [INFO ] [http-nio-8080-exec-10] c.s.m.o.j.security.JwtUserDetailsService - Going to load user from user service for username:[mnoman]
[2021-01-24 19:24:33,950] [INFO ] [http-nio-8080-exec-10] c.s.m.o.jwt.security.JwtRequestFilter - Going to validate token ...
[2021-01-24 19:24:33,950] [INFO ] [http-nio-8080-exec-10] c.s.m.oauth2.jwt.security.JwtTokenUtils - Going to validate token for user details ...
[2021-01-24 19:24:33,950] [INFO ] [http-nio-8080-exec-10] c.s.m.oauth2.jwt.security.JwtTokenUtils - Getting username from token ...
[2021-01-24 19:24:33,950] [INFO ] [http-nio-8080-exec-10] c.s.m.oauth2.jwt.security.JwtTokenUtils - Getting claim from token ...
[2021-01-24 19:24:33,950] [INFO ] [http-nio-8080-exec-10] c.s.m.oauth2.jwt.security.JwtTokenUtils - Getting all claim from token ...
[2021-01-24 19:24:33,951] [INFO ] [http-nio-8080-exec-10] c.s.m.oauth2.jwt.security.JwtTokenUtils - Going to validate if token is expired ...
[2021-01-24 19:24:33,951] [INFO ] [http-nio-8080-exec-10] c.s.m.oauth2.jwt.security.JwtTokenUtils - Getting expiration date from token ...
[2021-01-24 19:24:33,951] [INFO ] [http-nio-8080-exec-10] c.s.m.oauth2.jwt.security.JwtTokenUtils - Getting claim from token ...
[2021-01-24 19:24:33,952] [INFO ] [http-nio-8080-exec-10] c.s.m.oauth2.jwt.security.JwtTokenUtils - Getting all claim from token ...
[2021-01-24 19:24:33,953] [INFO ] [http-nio-8080-exec-10] c.s.m.o.jwt.security.JwtRequestFilter - Token validated Successfully!!!
[2021-01-24 19:24:33,958] [INFO ] [http-nio-8080-exec-10] c.s.m.c.ServicesControllerManager - Going to call getQueries Service with Client[UFN]
[2021-01-24 19:26:19,306] [INFO ] [http-nio-8080-exec-1] c.s.m.o.jwt.security.JwtRequestFilter - Going to verify if sent header starts with 'Bearer' keyword ...
[2021-01-24 19:26:19,306] [INFO ] [http-nio-8080-exec-1] c.s.m.o.jwt.security.JwtRequestFilter - Going to get username from token ...
[2021-01-24 19:26:19,306] [INFO ] [http-nio-8080-exec-1] c.s.m.oauth2.jwt.security.JwtTokenUtils - Getting username from token ...
[2021-01-24 19:26:19,306] [INFO ] [http-nio-8080-exec-1] c.s.m.oauth2.jwt.security.JwtTokenUtils - Getting claim from token ...
[2021-01-24 19:26:19,306] [INFO ] [http-nio-8080-exec-1] c.s.m.oauth2.jwt.security.JwtTokenUtils - Getting all claim from token ...
[2021-01-24 19:26:19,307] [INFO ] [http-nio-8080-exec-1] c.s.m.o.j.security.JwtUserDetailsService - Going to load user from user service for username:[mnoman]
[2021-01-24 19:26:19,483] [INFO ] [http-nio-8080-exec-1] c.s.m.o.jwt.security.JwtRequestFilter - Going to validate token ...
[2021-01-24 19:26:19,483] [INFO ] [http-nio-8080-exec-1] c.s.m.oauth2.jwt.security.JwtTokenUtils - Going to validate token for user details ...
[2021-01-24 19:26:19,483] [INFO ] [http-nio-8080-exec-1] c.s.m.oauth2.jwt.security.JwtTokenUtils - Getting username from token ...
[2021-01-24 19:26:19,483] [INFO ] [http-nio-8080-exec-1] c.s.m.oauth2.jwt.security.JwtTokenUtils - Getting claim from token ...
[2021-01-24 19:26:19,483] [INFO ] [http-nio-8080-exec-1] c.s.m.oauth2.jwt.security.JwtTokenUtils - Getting all claim from token ...
[2021-01-24 19:26:19,484] [INFO ] [http-nio-8080-exec-1] c.s.m.oauth2.jwt.security.JwtTokenUtils - Going to validate if token is expired ...
[2021-01-24 19:26:19,484] [INFO ] [http-nio-8080-exec-1] c.s.m.oauth2.jwt.security.JwtTokenUtils - Getting expiration date from token ...
[2021-01-24 19:26:19,484] [INFO ] [http-nio-8080-exec-1] c.s.m.oauth2.jwt.security.JwtTokenUtils - Getting claim from token ...
[2021-01-24 19:26:19,484] [INFO ] [http-nio-8080-exec-1] c.s.m.oauth2.jwt.security.JwtTokenUtils - Getting all claim from token ...
[2021-01-24 19:26:19,485] [INFO ] [http-nio-8080-exec-1] c.s.m.o.jwt.security.JwtRequestFilter - Token validated Successfully!!!
[2021-01-24 19:26:19,488] [INFO ] [http-nio-8080-exec-1] c.s.m.c.ServicesControllerManager - Going to call createUser Service with Client[UFN]
