[2021-01-18 01:12:40,814] [INFO ] [http-nio-8080-exec-1] u.m.services.UserManagementService - Going to call userManagementService Service
[2021-01-18 01:12:40,819] [INFO ] [http-nio-8080-exec-1] u.m.services.UserManagementService - Going to fetch users by using query: select id, email, enabled, first_name, last_name, password, phone, username from users where enabled = true  with paramters: [Darek]
[2021-01-18 01:12:41,136] [INFO ] [http-nio-8080-exec-1] u.m.services.UserManagementService - Retrieved Users: [User [serialNumber=1, firstName=Damon, lastName=Darek, username=damon, password=Temp/123, email=damon@gmail.com, phoneNumber=03214556987, enabled=Y], User [serialNumber=2, firstName=Stefen, lastName=Darek, username=stefen, password=Temp/321, email=stefen@gmail.com, phoneNumber=03214556999, enabled=Y]]
[2021-01-18 01:12:44,757] [INFO ] [http-nio-8080-exec-2] u.m.services.UserManagementService - Going to call userManagementService Service
[2021-01-18 01:12:44,758] [INFO ] [http-nio-8080-exec-2] u.m.services.UserManagementService - Going to fetch users by using query: select id, email, enabled, first_name, last_name, password, phone, username from users where enabled = true  with paramters: [Darek]
[2021-01-18 01:12:45,001] [INFO ] [http-nio-8080-exec-2] u.m.services.UserManagementService - Retrieved Users: [User [serialNumber=1, firstName=Damon, lastName=Darek, username=damon, password=Temp/123, email=damon@gmail.com, phoneNumber=03214556987, enabled=Y], User [serialNumber=2, firstName=Stefen, lastName=Darek, username=stefen, password=Temp/321, email=stefen@gmail.com, phoneNumber=03214556999, enabled=Y]]
[2021-01-18 01:13:38,656] [INFO ] [http-nio-8080-exec-1] u.m.services.UserManagementService - Going to call userManagementService Service
[2021-01-18 01:13:38,660] [INFO ] [http-nio-8080-exec-1] u.m.services.UserManagementService - Going to fetch users by using query: select id, email, enabled, first_name, last_name, password, phone, username from users where enabled = true  with paramters: [Darek]
[2021-01-18 01:13:38,906] [INFO ] [http-nio-8080-exec-1] u.m.services.UserManagementService - Retrieved Users: [User [serialNumber=1, firstName=Damon, lastName=Darek, username=damon, password=Temp/123, email=damon@gmail.com, phoneNumber=03214556987, enabled=Y], User [serialNumber=2, firstName=Stefen, lastName=Darek, username=stefen, password=Temp/321, email=stefen@gmail.com, phoneNumber=03214556999, enabled=Y]]
[2021-01-19 01:54:16,145] [INFO ] [http-nio-8080-exec-1] u.m.services.UserManagementService - Going to call userManagementService Service
[2021-01-19 01:54:16,152] [INFO ] [http-nio-8080-exec-1] u.m.services.UserManagementService - Going to fetch users by using query: select id, email, enabled, first_name, last_name, password, phone, username from users where enabled = true  with paramters: []
[2021-01-19 01:54:16,411] [INFO ] [http-nio-8080-exec-1] u.m.services.UserManagementService - Retrieved Users: [User [serialNumber=1, firstName=Damon, lastName=Darek, username=damon, password=Temp/123, email=damon@gmail.com, phoneNumber=03214556987, enabled=Y], User [serialNumber=2, firstName=Stefen, lastName=Darek, username=stefen, password=Temp/321, email=stefen@gmail.com, phoneNumber=03214556999, enabled=Y], User [serialNumber=3, firstName=Kathryne, lastName=Willic, username=kathryne, password=Temp/123, email=kathryne@gmail.com, phoneNumber=03214551122, enabled=Y]]
[2021-01-19 01:55:00,490] [INFO ] [http-nio-8080-exec-2] p.m.services.ProductManagementService - Going to call productManagementService Service
[2021-01-19 01:55:00,494] [INFO ] [http-nio-8080-exec-2] p.management.services.bl.GetProducts - Going to create product for username: 
[2021-01-19 01:55:00,498] [INFO ] [http-nio-8080-exec-2] p.m.s.d.ProductManagementServicesDaoImpl - Going to fetch products by using query: select id, name, company, category, flavour, quantity, weight, servings, serving_size, price, discount, mfg_date, expiry_date, bar_code, direction_to_use, description, created_on, last_updated_on, is_active from products where id is not null  with paramters: [Nitro Tech]
[2021-01-19 01:55:00,754] [INFO ] [http-nio-8080-exec-2] p.management.services.bl.GetProducts - Retrieved Users: [Product [id=1, name=Nitro Tech, company=Muscletech, category=null, flavour=Chocolate, quantity=20, orderedQuantity=null, weight=4, servings=30, servingSize=null, rtlPrice=null, orgPrice=12000.0, netPrice=null, discount=5.0, discountWhenOrdered=null, directiontoUse=null, description=null, barCode=554411223366, mfgDate=2020-06-06, expiryDate=2020-06-06, createdOn=2020-10-03 19:19:21.0, lastUpdatedOn=null, isActive=Y]]
[2021-01-19 01:55:28,345] [INFO ] [http-nio-8080-exec-3] p.m.services.ProductManagementService - Going to call productManagementService Service
[2021-01-19 01:55:28,345] [INFO ] [http-nio-8080-exec-3] p.management.services.bl.GetProducts - Going to create product for username: 
[2021-01-19 01:55:28,345] [INFO ] [http-nio-8080-exec-3] p.m.s.d.ProductManagementServicesDaoImpl - Going to fetch products by using query: select id, name, company, category, flavour, quantity, weight, servings, serving_size, price, discount, mfg_date, expiry_date, bar_code, direction_to_use, description, created_on, last_updated_on, is_active from products where id is not null  with paramters: [Nitro]
[2021-01-19 01:55:40,607] [INFO ] [http-nio-8080-exec-5] p.m.services.ProductManagementService - Going to call productManagementService Service
[2021-01-19 01:55:40,607] [INFO ] [http-nio-8080-exec-5] p.management.services.bl.GetProducts - Going to create product for username: 
[2021-01-19 01:55:40,607] [INFO ] [http-nio-8080-exec-5] p.m.s.d.ProductManagementServicesDaoImpl - Going to fetch products by using query: select id, name, company, category, flavour, quantity, weight, servings, serving_size, price, discount, mfg_date, expiry_date, bar_code, direction_to_use, description, created_on, last_updated_on, is_active from products where id is not null  with paramters: [Nitro Tech]
[2021-01-19 01:55:40,851] [INFO ] [http-nio-8080-exec-5] p.management.services.bl.GetProducts - Retrieved Users: [Product [id=1, name=Nitro Tech, company=Muscletech, category=null, flavour=Chocolate, quantity=20, orderedQuantity=null, weight=4, servings=30, servingSize=null, rtlPrice=null, orgPrice=12000.0, netPrice=null, discount=5.0, discountWhenOrdered=null, directiontoUse=null, description=null, barCode=554411223366, mfgDate=2020-06-06, expiryDate=2020-06-06, createdOn=2020-10-03 19:19:21.0, lastUpdatedOn=null, isActive=Y]]
[2021-01-19 01:55:47,989] [INFO ] [http-nio-8080-exec-4] p.m.services.ProductManagementService - Going to call productManagementService Service
[2021-01-19 01:55:47,989] [INFO ] [http-nio-8080-exec-4] p.management.services.bl.GetProducts - Going to create product for username: 
[2021-01-19 01:55:47,989] [INFO ] [http-nio-8080-exec-4] p.m.s.d.ProductManagementServicesDaoImpl - Going to fetch products by using query: select id, name, company, category, flavour, quantity, weight, servings, serving_size, price, discount, mfg_date, expiry_date, bar_code, direction_to_use, description, created_on, last_updated_on, is_active from products where id is not null  with paramters: []
[2021-01-19 01:55:48,319] [INFO ] [http-nio-8080-exec-4] p.management.services.bl.GetProducts - Retrieved Users: [Product [id=1, name=Nitro Tech, company=Muscletech, category=null, flavour=Chocolate, quantity=20, orderedQuantity=null, weight=4, servings=30, servingSize=null, rtlPrice=null, orgPrice=12000.0, netPrice=null, discount=5.0, discountWhenOrdered=null, directiontoUse=null, description=null, barCode=554411223366, mfgDate=2020-06-06, expiryDate=2020-06-06, createdOn=2020-10-03 19:19:21.0, lastUpdatedOn=null, isActive=Y]]
[2021-01-19 01:56:02,738] [INFO ] [http-nio-8080-exec-7] p.m.services.ProductManagementService - Going to call productManagementService Service
[2021-01-19 01:56:02,738] [INFO ] [http-nio-8080-exec-7] p.management.services.bl.GetProducts - Going to create product for username: 
[2021-01-19 01:56:02,738] [INFO ] [http-nio-8080-exec-7] p.m.s.d.ProductManagementServicesDaoImpl - Going to fetch products by using query: select id, name, company, category, flavour, quantity, weight, servings, serving_size, price, discount, mfg_date, expiry_date, bar_code, direction_to_use, description, created_on, last_updated_on, is_active from products where id is not null  with paramters: []
[2021-01-19 01:56:02,982] [INFO ] [http-nio-8080-exec-7] p.management.services.bl.GetProducts - Retrieved Users: [Product [id=1, name=Nitro Tech, company=Muscletech, category=null, flavour=Chocolate, quantity=20, orderedQuantity=null, weight=4, servings=30, servingSize=null, rtlPrice=null, orgPrice=12000.0, netPrice=null, discount=5.0, discountWhenOrdered=null, directiontoUse=null, description=null, barCode=554411223366, mfgDate=2020-06-06, expiryDate=2020-06-06, createdOn=2020-10-03 19:19:21.0, lastUpdatedOn=null, isActive=Y]]
[2021-01-19 01:56:25,389] [INFO ] [http-nio-8080-exec-6] p.m.services.ProductManagementService - Going to call productManagementService Service
[2021-01-19 01:56:25,389] [INFO ] [http-nio-8080-exec-6] p.management.services.bl.GetProducts - Going to create product for username: 
[2021-01-19 01:56:25,390] [INFO ] [http-nio-8080-exec-6] p.m.s.d.ProductManagementServicesDaoImpl - Going to fetch products by using query: select id, name, company, category, flavour, quantity, weight, servings, serving_size, price, discount, mfg_date, expiry_date, bar_code, direction_to_use, description, created_on, last_updated_on, is_active from products where id is not null  with paramters: [ON Whey]
[2021-01-19 01:57:05,570] [INFO ] [http-nio-8080-exec-8] p.m.services.ProductManagementService - Going to call productManagementService Service
[2021-01-19 01:57:05,570] [INFO ] [http-nio-8080-exec-8] p.management.services.bl.GetProducts - Going to create product for username: 
[2021-01-19 01:57:05,570] [INFO ] [http-nio-8080-exec-8] p.m.s.d.ProductManagementServicesDaoImpl - Going to fetch products by using query: select id, name, company, category, flavour, quantity, weight, servings, serving_size, price, discount, mfg_date, expiry_date, bar_code, direction_to_use, description, created_on, last_updated_on, is_active from products where id is not null  with paramters: [ON Whey]
[2021-01-19 01:58:26,472] [INFO ] [http-nio-8080-exec-10] p.m.services.ProductManagementService - Going to call productManagementService Service
[2021-01-19 01:58:38,831] [INFO ] [http-nio-8080-exec-10] p.management.services.bl.GetProducts - Going to create product for username: 
[2021-01-19 01:58:50,737] [INFO ] [http-nio-8080-exec-10] p.m.s.d.ProductManagementServicesDaoImpl - Going to fetch products by using query: select id, name, company, category, flavour, quantity, weight, servings, serving_size, price, discount, mfg_date, expiry_date, bar_code, direction_to_use, description, created_on, last_updated_on, is_active from products where id is not null  with paramters: [ON Whey]
[2021-01-19 01:59:22,866] [INFO ] [http-nio-8080-exec-10] p.management.services.bl.GetProducts - Retrieved Users: [Product [id=2, name=ON Whey, company=null, category=Protein, flavour=Vanilla, quantity=null, orderedQuantity=null, weight=5, servings=30, servingSize=null, rtlPrice=null, orgPrice=14800.0, netPrice=null, discount=5.0, discountWhenOrdered=null, directiontoUse=1 Serving Per Day, description=Optimum Nutrition, barCode=4455663321, mfgDate=2020-02-01, expiryDate=2022-06-24, createdOn=2020-10-11 19:18:45.0, lastUpdatedOn=null, isActive=Y]]
[2021-01-19 01:59:38,107] [INFO ] [http-nio-8080-exec-1] p.m.services.ProductManagementService - Going to call productManagementService Service
[2021-01-19 01:59:38,107] [INFO ] [http-nio-8080-exec-1] p.management.services.bl.GetProducts - Going to create product for username: 
[2021-01-19 01:59:38,107] [INFO ] [http-nio-8080-exec-1] p.m.s.d.ProductManagementServicesDaoImpl - Going to fetch products by using query: select id, name, company, category, flavour, quantity, weight, servings, serving_size, price, discount, mfg_date, expiry_date, bar_code, direction_to_use, description, created_on, last_updated_on, is_active from products where id is not null  with paramters: []
[2021-01-19 01:59:38,355] [INFO ] [http-nio-8080-exec-1] p.management.services.bl.GetProducts - Retrieved Users: [Product [id=1, name=Nitro Tech, company=Muscletech, category=null, flavour=Chocolate, quantity=20, orderedQuantity=null, weight=4, servings=30, servingSize=null, rtlPrice=null, orgPrice=12000.0, netPrice=null, discount=5.0, discountWhenOrdered=null, directiontoUse=null, description=null, barCode=554411223366, mfgDate=2020-06-06, expiryDate=2020-06-06, createdOn=2020-10-03 19:19:21.0, lastUpdatedOn=null, isActive=Y], Product [id=2, name=ON Whey, company=null, category=Protein, flavour=Vanilla, quantity=null, orderedQuantity=null, weight=5, servings=30, servingSize=null, rtlPrice=null, orgPrice=14800.0, netPrice=null, discount=5.0, discountWhenOrdered=null, directiontoUse=1 Serving Per Day, description=Optimum Nutrition, barCode=4455663321, mfgDate=2020-02-01, expiryDate=2022-06-24, createdOn=2020-10-11 19:18:45.0, lastUpdatedOn=null, isActive=Y]]
