[2021-01-18 01:12:11,069] [INFO ] [restartedMain] c.s.manager.ServicesManagerApplication - Starting ServicesManagerApplication using Java 14 on DESKTOP-S47TOJT with PID 9004 (C:\Users\Muhammad Nauman\Desktop\ServicesRepository\ServicesRepository\APIs\services-manager\target\classes started by Muhammad Nauman in C:\Users\Muhammad Nauman\Desktop\ServicesRepository\ServicesRepository\APIs\services-manager)
[2021-01-18 01:12:11,076] [DEBUG] [restartedMain] c.s.manager.ServicesManagerApplication - Running with Spring Boot v2.4.0-SNAPSHOT, Spring v5.3.1
[2021-01-18 01:12:11,077] [INFO ] [restartedMain] c.s.manager.ServicesManagerApplication - No active profile set, falling back to default profiles: default
[2021-01-18 01:12:15,065] [INFO ] [restartedMain] c.s.manager.ServicesManagerApplication - Started ServicesManagerApplication in 4.581 seconds (JVM running for 6.102)
[2021-01-18 01:12:18,809] [INFO ] [http-nio-8080-exec-1] c.s.m.c.ServicesControllerManager - Going to call getUsers Service with Client[UFN]
[2021-01-18 01:12:35,366] [INFO ] [http-nio-8080-exec-2] c.s.m.c.ServicesControllerManager - Going to call getUsers Service with Client[UFN]
[2021-01-18 01:13:20,000] [INFO ] [restartedMain] c.s.manager.ServicesManagerApplication - Starting ServicesManagerApplication using Java 14 on DESKTOP-S47TOJT with PID 14896 (C:\Users\Muhammad Nauman\Desktop\ServicesRepository\ServicesRepository\APIs\services-manager\target\classes started by Muhammad Nauman in C:\Users\Muhammad Nauman\Desktop\ServicesRepository\ServicesRepository\APIs\services-manager)
[2021-01-18 01:13:20,007] [DEBUG] [restartedMain] c.s.manager.ServicesManagerApplication - Running with Spring Boot v2.4.0-SNAPSHOT, Spring v5.3.1
[2021-01-18 01:13:20,007] [INFO ] [restartedMain] c.s.manager.ServicesManagerApplication - No active profile set, falling back to default profiles: default
[2021-01-18 01:13:24,000] [INFO ] [restartedMain] c.s.manager.ServicesManagerApplication - Started ServicesManagerApplication in 4.596 seconds (JVM running for 6.15)
[2021-01-18 01:13:32,924] [INFO ] [http-nio-8080-exec-1] c.s.m.c.ServicesControllerManager - Going to call getUsers Service with Client[UFN]
[2021-01-18 01:18:14,085] [INFO ] [restartedMain] c.s.manager.ServicesManagerApplication - Starting ServicesManagerApplication using Java 14 on DESKTOP-S47TOJT with PID 14896 (C:\Users\Muhammad Nauman\Desktop\ServicesRepository\ServicesRepository\APIs\services-manager\target\classes started by Muhammad Nauman in C:\Users\Muhammad Nauman\Desktop\ServicesRepository\ServicesRepository\APIs\services-manager)
[2021-01-18 01:18:14,085] [DEBUG] [restartedMain] c.s.manager.ServicesManagerApplication - Running with Spring Boot v2.4.0-SNAPSHOT, Spring v5.3.1
[2021-01-18 01:18:14,086] [INFO ] [restartedMain] c.s.manager.ServicesManagerApplication - No active profile set, falling back to default profiles: default
[2021-01-18 01:18:15,936] [INFO ] [restartedMain] c.s.manager.ServicesManagerApplication - Started ServicesManagerApplication in 2.054 seconds (JVM running for 298.085)
[2021-01-19 01:49:56,482] [INFO ] [restartedMain] c.s.manager.ServicesManagerApplication - Starting ServicesManagerApplication using Java 14 on DESKTOP-S47TOJT with PID 11452 (C:\Users\Muhammad Nauman\Desktop\ServicesRepository\ServicesRepository\APIs\services-manager\target\classes started by Muhammad Nauman in C:\Users\Muhammad Nauman\Desktop\ServicesRepository\ServicesRepository\APIs\services-manager)
[2021-01-19 01:49:56,491] [DEBUG] [restartedMain] c.s.manager.ServicesManagerApplication - Running with Spring Boot v2.4.0-SNAPSHOT, Spring v5.3.1
[2021-01-19 01:49:56,491] [INFO ] [restartedMain] c.s.manager.ServicesManagerApplication - No active profile set, falling back to default profiles: default
[2021-01-19 01:50:01,964] [INFO ] [restartedMain] c.s.manager.ServicesManagerApplication - Started ServicesManagerApplication in 6.418 seconds (JVM running for 9.12)
[2021-01-19 01:54:09,868] [INFO ] [http-nio-8080-exec-1] c.s.m.c.ServicesControllerManager - Going to call getUsers Service with Client[UFN]
[2021-01-19 02:03:31,210] [INFO ] [restartedMain] c.s.manager.ServicesManagerApplication - Starting ServicesManagerApplication using Java 14 on DESKTOP-S47TOJT with PID 11452 (C:\Users\Muhammad Nauman\Desktop\ServicesRepository\ServicesRepository\APIs\services-manager\target\classes started by Muhammad Nauman in C:\Users\Muhammad Nauman\Desktop\ServicesRepository\ServicesRepository\APIs\services-manager)
[2021-01-19 02:03:31,210] [DEBUG] [restartedMain] c.s.manager.ServicesManagerApplication - Running with Spring Boot v2.4.0-SNAPSHOT, Spring v5.3.1
[2021-01-19 02:03:31,211] [INFO ] [restartedMain] c.s.manager.ServicesManagerApplication - No active profile set, falling back to default profiles: default
[2021-01-19 06:00:32,553] [INFO ] [main] c.s.m.ServicesManagerApplicationTests - Starting ServicesManagerApplicationTests using Java 14 on DESKTOP-S47TOJT with PID 17208 (started by Muhammad Nauman in C:\Users\Muhammad Nauman\Desktop\ServicesRepository\ServicesRepository\APIs\services-manager)
[2021-01-19 06:00:32,555] [DEBUG] [main] c.s.m.ServicesManagerApplicationTests - Running with Spring Boot v2.4.0-SNAPSHOT, Spring v5.3.1
[2021-01-19 06:00:32,560] [INFO ] [main] c.s.m.ServicesManagerApplicationTests - No active profile set, falling back to default profiles: default
[2021-01-19 06:00:39,348] [INFO ] [main] c.s.m.ServicesManagerApplicationTests - Started ServicesManagerApplicationTests in 7.508 seconds (JVM running for 10.047)
