[2021-01-18 01:12:18,811] [INFO ] [http-nio-8080-exec-1] c.s.configurator.ServicesConfigurator - Going to get connection for database client: [UFN]
[2021-01-18 01:12:35,366] [INFO ] [http-nio-8080-exec-2] c.s.configurator.ServicesConfigurator - Going to get connection for database client: [UFN]
[2021-01-18 01:12:40,808] [INFO ] [http-nio-8080-exec-1] c.s.configurator.ServicesConfigurator - Going to make call for getUsers Service with requested content: [common.request.MainRequestObject@1dfd8902]
[2021-01-18 01:12:44,757] [INFO ] [http-nio-8080-exec-2] c.s.configurator.ServicesConfigurator - Going to make call for getUsers Service with requested content: [common.request.MainRequestObject@2ab758cb]
[2021-01-18 01:13:32,925] [INFO ] [http-nio-8080-exec-1] c.s.configurator.ServicesConfigurator - Going to get connection for database client: [UFN]
[2021-01-18 01:13:38,652] [INFO ] [http-nio-8080-exec-1] c.s.configurator.ServicesConfigurator - Going to make call for getUsers Service with requested content: [common.request.MainRequestObject@40137706]
[2021-01-19 01:54:09,939] [INFO ] [http-nio-8080-exec-1] c.s.configurator.ServicesConfigurator - Going to get connection for database client: [UFN]
[2021-01-19 01:54:16,139] [INFO ] [http-nio-8080-exec-1] c.s.configurator.ServicesConfigurator - Going to make call for getUsers Service with requested content: [common.request.MainRequestObject@34654b49]
[2021-01-19 01:54:55,631] [INFO ] [http-nio-8080-exec-2] c.s.configurator.ServicesConfigurator - Going to get connection for database client: [UFN]
[2021-01-19 01:55:00,485] [INFO ] [http-nio-8080-exec-2] c.s.configurator.ServicesConfigurator - Going to make call for getProducts Service with requested content: [common.request.MainRequestObject@481220c3]
[2021-01-19 01:55:22,534] [INFO ] [http-nio-8080-exec-3] c.s.configurator.ServicesConfigurator - Going to get connection for database client: [UFN]
[2021-01-19 01:55:28,345] [INFO ] [http-nio-8080-exec-3] c.s.configurator.ServicesConfigurator - Going to make call for getProducts Service with requested content: [common.request.MainRequestObject@635140a1]
[2021-01-19 01:55:35,917] [INFO ] [http-nio-8080-exec-5] c.s.configurator.ServicesConfigurator - Going to get connection for database client: [UFN]
[2021-01-19 01:55:40,607] [INFO ] [http-nio-8080-exec-5] c.s.configurator.ServicesConfigurator - Going to make call for getProducts Service with requested content: [common.request.MainRequestObject@23c1730a]
[2021-01-19 01:55:43,298] [INFO ] [http-nio-8080-exec-4] c.s.configurator.ServicesConfigurator - Going to get connection for database client: [UFN]
[2021-01-19 01:55:47,989] [INFO ] [http-nio-8080-exec-4] c.s.configurator.ServicesConfigurator - Going to make call for getProducts Service with requested content: [common.request.MainRequestObject@167e7c65]
[2021-01-19 01:55:57,207] [INFO ] [http-nio-8080-exec-7] c.s.configurator.ServicesConfigurator - Going to get connection for database client: [UFN]
[2021-01-19 01:56:02,738] [INFO ] [http-nio-8080-exec-7] c.s.configurator.ServicesConfigurator - Going to make call for getProducts Service with requested content: [common.request.MainRequestObject@fce6edd]
[2021-01-19 01:56:20,597] [INFO ] [http-nio-8080-exec-6] c.s.configurator.ServicesConfigurator - Going to get connection for database client: [UFN]
[2021-01-19 01:56:25,389] [INFO ] [http-nio-8080-exec-6] c.s.configurator.ServicesConfigurator - Going to make call for getProducts Service with requested content: [common.request.MainRequestObject@4fe79e93]
[2021-01-19 01:57:00,244] [INFO ] [http-nio-8080-exec-8] c.s.configurator.ServicesConfigurator - Going to get connection for database client: [UFN]
[2021-01-19 01:57:05,570] [INFO ] [http-nio-8080-exec-8] c.s.configurator.ServicesConfigurator - Going to make call for getProducts Service with requested content: [common.request.MainRequestObject@fdc06b]
[2021-01-19 01:58:21,690] [INFO ] [http-nio-8080-exec-10] c.s.configurator.ServicesConfigurator - Going to get connection for database client: [UFN]
[2021-01-19 01:58:26,472] [INFO ] [http-nio-8080-exec-10] c.s.configurator.ServicesConfigurator - Going to make call for getProducts Service with requested content: [common.request.MainRequestObject@6626cfb8]
[2021-01-19 01:59:33,293] [INFO ] [http-nio-8080-exec-1] c.s.configurator.ServicesConfigurator - Going to get connection for database client: [UFN]
[2021-01-19 01:59:38,107] [INFO ] [http-nio-8080-exec-1] c.s.configurator.ServicesConfigurator - Going to make call for getProducts Service with requested content: [common.request.MainRequestObject@1a2dcf38]
[2021-01-19 20:39:52,781] [INFO ] [http-nio-8080-exec-3] c.s.configurator.ServicesConfigurator - Going to get connection for database client: [UFN]
[2021-01-19 20:39:58,930] [INFO ] [http-nio-8080-exec-3] c.s.configurator.ServicesConfigurator - Going to make call for getQueries Service with requested content: [MainRequestObject [serialNumber=0, firstName=null, lastName=null, username=null, password=null, email=null, phoneNumber=null, dbCode=UFN, serviceId=null, userInfo=null, orderInfo=null, productInfo=null, queryInfo=null, ids=null, fetchOutOfStockProducts=false, enabled=null, userManagementServiceAction=null]]
[2021-01-19 20:41:01,384] [INFO ] [http-nio-8080-exec-2] c.s.configurator.ServicesConfigurator - Going to get connection for database client: [UFN]
[2021-01-19 20:41:18,738] [INFO ] [http-nio-8080-exec-2] c.s.configurator.ServicesConfigurator - Going to make call for getQueries Service with requested content: [MainRequestObject [serialNumber=0, firstName=null, lastName=null, username=null, password=null, email=null, phoneNumber=null, dbCode=UFN, serviceId=null, userInfo=null, orderInfo=null, productInfo=null, queryInfo=null, ids=null, fetchOutOfStockProducts=false, enabled=null, userManagementServiceAction=null]]
[2021-01-19 20:42:45,635] [INFO ] [http-nio-8080-exec-1] c.s.configurator.ServicesConfigurator - Going to get connection for database client: [UFN]
[2021-01-19 20:42:51,209] [INFO ] [http-nio-8080-exec-1] c.s.configurator.ServicesConfigurator - Going to make call for getQueries Service with requested content: [MainRequestObject [serialNumber=0, firstName=null, lastName=null, username=null, password=null, email=null, phoneNumber=null, dbCode=UFN, serviceId=null, userInfo=null, orderInfo=null, productInfo=null, queryInfo=null, ids=null, fetchOutOfStockProducts=false, enabled=null, userManagementServiceAction=null]]
[2021-01-19 20:43:04,653] [INFO ] [http-nio-8080-exec-2] c.s.configurator.ServicesConfigurator - Going to get connection for database client: [UFN]
[2021-01-19 20:43:09,586] [INFO ] [http-nio-8080-exec-2] c.s.configurator.ServicesConfigurator - Going to make call for getQueries Service with requested content: [MainRequestObject [serialNumber=0, firstName=null, lastName=null, username=null, password=null, email=null, phoneNumber=null, dbCode=UFN, serviceId=null, userInfo=null, orderInfo=null, productInfo=null, queryInfo=null, ids=null, fetchOutOfStockProducts=false, enabled=null, userManagementServiceAction=null]]
[2021-01-19 20:45:14,001] [INFO ] [http-nio-8080-exec-1] c.s.configurator.ServicesConfigurator - Going to get connection for database client: [UFN]
[2021-01-19 20:46:07,565] [INFO ] [http-nio-8080-exec-1] c.s.configurator.ServicesConfigurator - Going to make call for getQueries Service with requested content: [MainRequestObject [serialNumber=0, firstName=null, lastName=null, username=null, password=null, email=null, phoneNumber=null, dbCode=UFN, serviceId=null, userInfo=null, orderInfo=null, productInfo=null, queryInfo=null, ids=null, fetchOutOfStockProducts=false, enabled=null, userManagementServiceAction=null]]
[2021-01-19 20:48:21,076] [INFO ] [http-nio-8080-exec-1] c.s.configurator.ServicesConfigurator - Going to get connection for database client: [UFN]
[2021-01-19 20:48:26,463] [INFO ] [http-nio-8080-exec-1] c.s.configurator.ServicesConfigurator - Going to make call for getQueries Service with requested content: [MainRequestObject [serialNumber=0, firstName=null, lastName=null, username=null, password=null, email=null, phoneNumber=null, dbCode=UFN, serviceId=null, userInfo=null, orderInfo=null, productInfo=null, queryInfo=null, ids=null, fetchOutOfStockProducts=false, enabled=null, userManagementServiceAction=null]]
[2021-01-19 20:48:58,551] [INFO ] [http-nio-8080-exec-3] c.s.configurator.ServicesConfigurator - Going to get connection for database client: [UFN]
[2021-01-19 20:49:03,367] [INFO ] [http-nio-8080-exec-3] c.s.configurator.ServicesConfigurator - Going to make call for getQueries Service with requested content: [MainRequestObject [serialNumber=0, firstName=null, lastName=null, username=null, password=null, email=null, phoneNumber=null, dbCode=UFN, serviceId=null, userInfo=null, orderInfo=null, productInfo=null, queryInfo=Query [id=null, name=Damon, email=null, phone=null, message=null], ids=null, fetchOutOfStockProducts=false, enabled=null, userManagementServiceAction=null]]
[2021-01-19 20:49:29,922] [INFO ] [http-nio-8080-exec-5] c.s.configurator.ServicesConfigurator - Going to get connection for database client: [UFN]
[2021-01-19 20:49:34,840] [INFO ] [http-nio-8080-exec-5] c.s.configurator.ServicesConfigurator - Going to make call for getQueries Service with requested content: [MainRequestObject [serialNumber=0, firstName=null, lastName=null, username=null, password=null, email=null, phoneNumber=null, dbCode=UFN, serviceId=null, userInfo=null, orderInfo=null, productInfo=null, queryInfo=Query [id=null, name=Damon, email=stn@gmail.com, phone=null, message=null], ids=null, fetchOutOfStockProducts=false, enabled=null, userManagementServiceAction=null]]
[2021-01-19 20:49:39,212] [INFO ] [http-nio-8080-exec-6] c.s.configurator.ServicesConfigurator - Going to get connection for database client: [UFN]
[2021-01-19 20:49:44,076] [INFO ] [http-nio-8080-exec-6] c.s.configurator.ServicesConfigurator - Going to make call for getQueries Service with requested content: [MainRequestObject [serialNumber=0, firstName=null, lastName=null, username=null, password=null, email=null, phoneNumber=null, dbCode=UFN, serviceId=null, userInfo=null, orderInfo=null, productInfo=null, queryInfo=Query [id=null, name=null, email=stn@gmail.com, phone=null, message=null], ids=null, fetchOutOfStockProducts=false, enabled=null, userManagementServiceAction=null]]
[2021-01-19 20:50:02,720] [INFO ] [http-nio-8080-exec-7] c.s.configurator.ServicesConfigurator - Going to get connection for database client: [UFN]
[2021-01-19 20:50:07,620] [INFO ] [http-nio-8080-exec-7] c.s.configurator.ServicesConfigurator - Going to make call for getQueries Service with requested content: [MainRequestObject [serialNumber=0, firstName=null, lastName=null, username=null, password=null, email=null, phoneNumber=null, dbCode=UFN, serviceId=null, userInfo=null, orderInfo=null, productInfo=null, queryInfo=Query [id=null, name=null, email=stn@gmail.com, phone=092123657788, message=null], ids=null, fetchOutOfStockProducts=false, enabled=null, userManagementServiceAction=null]]
[2021-01-19 20:50:34,761] [INFO ] [http-nio-8080-exec-10] c.s.configurator.ServicesConfigurator - Going to get connection for database client: [UFN]
[2021-01-19 20:50:39,695] [INFO ] [http-nio-8080-exec-10] c.s.configurator.ServicesConfigurator - Going to make call for getQueries Service with requested content: [MainRequestObject [serialNumber=0, firstName=null, lastName=null, username=null, password=null, email=null, phoneNumber=null, dbCode=UFN, serviceId=null, userInfo=null, orderInfo=null, productInfo=null, queryInfo=Query [id=null, name=null, email=stn@gmail.com, phone=092123657788, message=null], ids=null, fetchOutOfStockProducts=false, enabled=null, userManagementServiceAction=null]]
[2021-01-19 20:52:21,183] [INFO ] [http-nio-8080-exec-1] c.s.configurator.ServicesConfigurator - Going to get connection for database client: [UFN]
[2021-01-19 20:52:26,724] [INFO ] [http-nio-8080-exec-1] c.s.configurator.ServicesConfigurator - Going to make call for getQueries Service with requested content: [MainRequestObject [serialNumber=0, firstName=null, lastName=null, username=null, password=null, email=null, phoneNumber=null, dbCode=UFN, serviceId=null, userInfo=null, orderInfo=null, productInfo=null, queryInfo=Query [id=null, name=null, email=stn@gmail.com, phone=092123657788, message=null], ids=null, fetchOutOfStockProducts=false, enabled=null, userManagementServiceAction=null]]
[2021-01-19 20:52:41,764] [INFO ] [http-nio-8080-exec-3] c.s.configurator.ServicesConfigurator - Going to get connection for database client: [UFN]
[2021-01-19 20:52:46,606] [INFO ] [http-nio-8080-exec-3] c.s.configurator.ServicesConfigurator - Going to make call for getQueries Service with requested content: [MainRequestObject [serialNumber=0, firstName=null, lastName=null, username=null, password=null, email=null, phoneNumber=null, dbCode=UFN, serviceId=null, userInfo=null, orderInfo=null, productInfo=null, queryInfo=Query [id=null, name=null, email=stn@gmail.com, phone=092123657788, message=null], ids=null, fetchOutOfStockProducts=false, enabled=null, userManagementServiceAction=null]]
[2021-01-19 20:53:58,898] [INFO ] [http-nio-8080-exec-1] c.s.configurator.ServicesConfigurator - Going to get connection for database client: [UFN]
[2021-01-19 20:54:04,600] [INFO ] [http-nio-8080-exec-1] c.s.configurator.ServicesConfigurator - Going to make call for getQueries Service with requested content: [MainRequestObject [serialNumber=0, firstName=null, lastName=null, username=null, password=null, email=null, phoneNumber=null, dbCode=UFN, serviceId=null, userInfo=null, orderInfo=null, productInfo=null, queryInfo=Query [id=null, name=null, email=stn@gmail.com, phone=092123657788, message=null], ids=null, fetchOutOfStockProducts=false, enabled=null, userManagementServiceAction=null]]
[2021-01-19 20:54:41,269] [INFO ] [http-nio-8080-exec-4] c.s.configurator.ServicesConfigurator - Going to get connection for database client: [UFN]
[2021-01-19 20:54:46,331] [INFO ] [http-nio-8080-exec-4] c.s.configurator.ServicesConfigurator - Going to make call for getQueries Service with requested content: [MainRequestObject [serialNumber=0, firstName=null, lastName=null, username=null, password=null, email=null, phoneNumber=null, dbCode=UFN, serviceId=null, userInfo=null, orderInfo=null, productInfo=null, queryInfo=Query [id=1, name=null, email=stn@gmail.com, phone=null, message=null], ids=null, fetchOutOfStockProducts=false, enabled=null, userManagementServiceAction=null]]
[2021-01-19 20:54:52,331] [INFO ] [http-nio-8080-exec-3] c.s.configurator.ServicesConfigurator - Going to get connection for database client: [UFN]
[2021-01-19 20:54:57,161] [INFO ] [http-nio-8080-exec-3] c.s.configurator.ServicesConfigurator - Going to make call for getQueries Service with requested content: [MainRequestObject [serialNumber=0, firstName=null, lastName=null, username=null, password=null, email=null, phoneNumber=null, dbCode=UFN, serviceId=null, userInfo=null, orderInfo=null, productInfo=null, queryInfo=Query [id=1, name=null, email=null, phone=null, message=null], ids=null, fetchOutOfStockProducts=false, enabled=null, userManagementServiceAction=null]]
[2021-01-19 20:55:06,150] [INFO ] [http-nio-8080-exec-5] c.s.configurator.ServicesConfigurator - Going to get connection for database client: [UFN]
[2021-01-19 20:55:11,163] [INFO ] [http-nio-8080-exec-5] c.s.configurator.ServicesConfigurator - Going to make call for getQueries Service with requested content: [MainRequestObject [serialNumber=0, firstName=null, lastName=null, username=null, password=null, email=null, phoneNumber=null, dbCode=UFN, serviceId=null, userInfo=null, orderInfo=null, productInfo=null, queryInfo=Query [id=1, name=null, email=null, phone=null, message=null], ids=null, fetchOutOfStockProducts=false, enabled=null, userManagementServiceAction=null]]
[2021-01-19 20:55:24,132] [INFO ] [http-nio-8080-exec-6] c.s.configurator.ServicesConfigurator - Going to get connection for database client: [UFN]
[2021-01-19 20:55:29,102] [INFO ] [http-nio-8080-exec-6] c.s.configurator.ServicesConfigurator - Going to make call for getQueries Service with requested content: [MainRequestObject [serialNumber=0, firstName=null, lastName=null, username=null, password=null, email=null, phoneNumber=null, dbCode=UFN, serviceId=null, userInfo=null, orderInfo=null, productInfo=null, queryInfo=Query [id=1, name=null, email=null, phone=null, message=null], ids=null, fetchOutOfStockProducts=false, enabled=null, userManagementServiceAction=null]]
[2021-01-19 20:56:28,482] [INFO ] [http-nio-8080-exec-1] c.s.configurator.ServicesConfigurator - Going to get connection for database client: [UFN]
[2021-01-19 20:56:33,984] [INFO ] [http-nio-8080-exec-1] c.s.configurator.ServicesConfigurator - Going to make call for getQueries Service with requested content: [MainRequestObject [serialNumber=0, firstName=null, lastName=null, username=null, password=null, email=null, phoneNumber=null, dbCode=UFN, serviceId=null, userInfo=null, orderInfo=null, productInfo=null, queryInfo=Query [id=1, name=null, email=null, phone=null, message=null], ids=null, fetchOutOfStockProducts=false, enabled=null, userManagementServiceAction=null]]
[2021-01-19 20:58:16,334] [INFO ] [http-nio-8080-exec-4] c.s.configurator.ServicesConfigurator - Going to get connection for database client: [UFN]
[2021-01-19 20:58:21,251] [INFO ] [http-nio-8080-exec-4] c.s.configurator.ServicesConfigurator - Going to make call for contactUs Service with requested content: [MainRequestObject [serialNumber=0, firstName=null, lastName=null, username=null, password=null, email=null, phoneNumber=null, dbCode=UFN, serviceId=null, userInfo=null, orderInfo=null, productInfo=null, queryInfo=Query [id=3, name=Stile, email=stl@gmail.com, phone=092123657787, message=This is to Test3], ids=null, fetchOutOfStockProducts=false, enabled=null, userManagementServiceAction=null]]
[2021-01-19 20:59:17,904] [INFO ] [http-nio-8080-exec-5] c.s.configurator.ServicesConfigurator - Going to get connection for database client: [UFN]
[2021-01-19 20:59:22,804] [INFO ] [http-nio-8080-exec-5] c.s.configurator.ServicesConfigurator - Going to make call for contactUs Service with requested content: [MainRequestObject [serialNumber=0, firstName=null, lastName=null, username=null, password=null, email=null, phoneNumber=null, dbCode=UFN, serviceId=null, userInfo=null, orderInfo=null, productInfo=null, queryInfo=Query [id=null, name=Stile, email=stl@gmail.com, phone=092123657787, message=This is to Test3], ids=null, fetchOutOfStockProducts=false, enabled=null, userManagementServiceAction=null]]
[2021-01-19 21:00:05,985] [INFO ] [http-nio-8080-exec-6] c.s.configurator.ServicesConfigurator - Going to get connection for database client: [UFN]
[2021-01-19 21:00:10,827] [INFO ] [http-nio-8080-exec-6] c.s.configurator.ServicesConfigurator - Going to make call for contactUs Service with requested content: [MainRequestObject [serialNumber=0, firstName=null, lastName=null, username=null, password=null, email=null, phoneNumber=null, dbCode=UFN, serviceId=null, userInfo=null, orderInfo=null, productInfo=null, queryInfo=Query [id=null, name=Stile, email=stl@gmail.com, phone=092123657787, message=This is to Test3], ids=null, fetchOutOfStockProducts=false, enabled=null, userManagementServiceAction=null]]
[2021-01-19 21:12:45,951] [INFO ] [http-nio-8080-exec-1] c.s.configurator.ServicesConfigurator - Going to get connection for database client: [UFN]
[2021-01-19 21:12:51,762] [INFO ] [http-nio-8080-exec-1] c.s.configurator.ServicesConfigurator - Going to make call for contactUs Service with requested content: [MainRequestObject [serialNumber=0, firstName=null, lastName=null, username=null, password=null, email=null, phoneNumber=null, dbCode=UFN, serviceId=null, userInfo=null, orderInfo=null, productInfo=null, queryInfo=Query [id=null, name=, email=stl@gmail.com, phone=092123657787, message=This is to Test3], ids=null, fetchOutOfStockProducts=false, enabled=null, userManagementServiceAction=null]]
[2021-01-19 21:13:04,959] [INFO ] [http-nio-8080-exec-2] c.s.configurator.ServicesConfigurator - Going to get connection for database client: [UFN]
[2021-01-19 21:13:09,804] [INFO ] [http-nio-8080-exec-2] c.s.configurator.ServicesConfigurator - Going to make call for contactUs Service with requested content: [MainRequestObject [serialNumber=0, firstName=null, lastName=null, username=null, password=null, email=null, phoneNumber=null, dbCode=UFN, serviceId=null, userInfo=null, orderInfo=null, productInfo=null, queryInfo=Query [id=null, name=Stile, email=, phone=092123657787, message=This is to Test3], ids=null, fetchOutOfStockProducts=false, enabled=null, userManagementServiceAction=null]]
[2021-01-19 21:13:14,388] [INFO ] [http-nio-8080-exec-3] c.s.configurator.ServicesConfigurator - Going to get connection for database client: [UFN]
[2021-01-19 21:13:21,150] [INFO ] [http-nio-8080-exec-3] c.s.configurator.ServicesConfigurator - Going to make call for contactUs Service with requested content: [MainRequestObject [serialNumber=0, firstName=null, lastName=null, username=null, password=null, email=null, phoneNumber=null, dbCode=UFN, serviceId=null, userInfo=null, orderInfo=null, productInfo=null, queryInfo=Query [id=null, name=Stile, email=, phone=, message=This is to Test3], ids=null, fetchOutOfStockProducts=false, enabled=null, userManagementServiceAction=null]]
